This file contains any messages produced by compilers while
running configure, to aid debugging if configure makes a mistake.

It was created by configure, which was
generated by GNU Autoconf 2.65.  Invocation command line was

  $ ./configure 

## --------- ##
## Platform. ##
## --------- ##

hostname = alex-desktop
uname -m = x86_64
uname -r = 2.6.35-22-generic
uname -s = Linux
uname -v = #35-Ubuntu SMP Sat Oct 16 20:45:36 UTC 2010

/usr/bin/uname -p = unknown
/bin/uname -X     = unknown

/bin/arch              = unknown
/usr/bin/arch -k       = unknown
/usr/convex/getsysinfo = unknown
/usr/bin/hostinfo      = unknown
/bin/machine           = unknown
/usr/bin/oslevel       = unknown
/bin/universe          = unknown

PATH: /usr/local/sbin
PATH: /usr/local/bin
PATH: /usr/sbin
PATH: /usr/bin
PATH: /sbin
PATH: /bin
PATH: /usr/games


## ----------- ##
## Core tests. ##
## ----------- ##

configure:2602: checking for a BSD-compatible install
configure:2670: result: /usr/bin/install -c
configure:2681: checking whether build environment is sane
configure:2731: result: yes
configure:2872: checking for a thread-safe mkdir -p
configure:2911: result: /bin/mkdir -p
configure:2924: checking for gawk
configure:2954: result: no
configure:2924: checking for mawk
configure:2940: found /usr/bin/mawk
configure:2951: result: mawk
configure:2962: checking whether make sets $(MAKE)
configure:2984: result: yes
configure:3126: checking for g++
configure:3142: found /usr/bin/g++
configure:3153: result: g++
configure:3180: checking for C++ compiler version
configure:3189: g++ --version >&5
g++ (Ubuntu/Linaro 4.4.4-14ubuntu5) 4.4.5
Copyright (C) 2010 Free Software Foundation, Inc.
This is free software; see the source for copying conditions.  There is NO
warranty; not even for MERCHANTABILITY or FITNESS FOR A PARTICULAR PURPOSE.

configure:3200: $? = 0
configure:3189: g++ -v >&5
Using built-in specs.
Target: x86_64-linux-gnu
Configured with: ../src/configure -v --with-pkgversion='Ubuntu/Linaro 4.4.4-14ubuntu5' --with-bugurl=file:///usr/share/doc/gcc-4.4/README.Bugs --enable-languages=c,c++,fortran,objc,obj-c++ --prefix=/usr --program-suffix=-4.4 --enable-shared --enable-multiarch --enable-linker-build-id --with-system-zlib --libexecdir=/usr/lib --without-included-gettext --enable-threads=posix --with-gxx-include-dir=/usr/include/c++/4.4 --libdir=/usr/lib --enable-nls --with-sysroot=/ --enable-clocale=gnu --enable-libstdcxx-debug --enable-objc-gc --disable-werror --with-arch-32=i686 --with-tune=generic --enable-checking=release --build=x86_64-linux-gnu --host=x86_64-linux-gnu --target=x86_64-linux-gnu
Thread model: posix
gcc version 4.4.5 (Ubuntu/Linaro 4.4.4-14ubuntu5) 
configure:3200: $? = 0
configure:3189: g++ -V >&5
g++: '-V' option must have argument
configure:3200: $? = 1
configure:3189: g++ -qversion >&5
g++: unrecognized option '-qversion'
g++: no input files
configure:3200: $? = 1
configure:3220: checking whether the C++ compiler works
configure:3242: g++  -fsigned-char -Wall -fno-strict-aliasing   conftest.cpp  >&5
configure:3246: $? = 0
configure:3295: result: yes
configure:3298: checking for C++ compiler default output file name
configure:3300: result: a.out
configure:3306: checking for suffix of executables
configure:3313: g++ -o conftest  -fsigned-char -Wall -fno-strict-aliasing   conftest.cpp  >&5
configure:3317: $? = 0
configure:3339: result: 
configure:3361: checking whether we are cross compiling
configure:3369: g++ -o conftest  -fsigned-char -Wall -fno-strict-aliasing   conftest.cpp  >&5
configure:3373: $? = 0
configure:3380: ./conftest
configure:3384: $? = 0
configure:3399: result: no
configure:3404: checking for suffix of object files
configure:3426: g++ -c  -fsigned-char -Wall -fno-strict-aliasing  conftest.cpp >&5
configure:3430: $? = 0
configure:3451: result: o
configure:3455: checking whether we are using the GNU C++ compiler
configure:3474: g++ -c  -fsigned-char -Wall -fno-strict-aliasing  conftest.cpp >&5
configure:3474: $? = 0
configure:3483: result: yes
configure:3492: checking whether g++ accepts -g
configure:3512: g++ -c -g  conftest.cpp >&5
configure:3512: $? = 0
configure:3553: result: yes
configure:3587: checking for style of include used by make
configure:3615: result: GNU
configure:3640: checking dependency style of g++
configure:3750: result: gcc3
configure:3813: checking for gcc
configure:3829: found /usr/bin/gcc
configure:3840: result: gcc
configure:4069: checking for C compiler version
configure:4078: gcc --version >&5
gcc (Ubuntu/Linaro 4.4.4-14ubuntu5) 4.4.5
Copyright (C) 2010 Free Software Foundation, Inc.
This is free software; see the source for copying conditions.  There is NO
warranty; not even for MERCHANTABILITY or FITNESS FOR A PARTICULAR PURPOSE.

configure:4089: $? = 0
configure:4078: gcc -v >&5
Using built-in specs.
Target: x86_64-linux-gnu
Configured with: ../src/configure -v --with-pkgversion='Ubuntu/Linaro 4.4.4-14ubuntu5' --with-bugurl=file:///usr/share/doc/gcc-4.4/README.Bugs --enable-languages=c,c++,fortran,objc,obj-c++ --prefix=/usr --program-suffix=-4.4 --enable-shared --enable-multiarch --enable-linker-build-id --with-system-zlib --libexecdir=/usr/lib --without-included-gettext --enable-threads=posix --with-gxx-include-dir=/usr/include/c++/4.4 --libdir=/usr/lib --enable-nls --with-sysroot=/ --enable-clocale=gnu --enable-libstdcxx-debug --enable-objc-gc --disable-werror --with-arch-32=i686 --with-tune=generic --enable-checking=release --build=x86_64-linux-gnu --host=x86_64-linux-gnu --target=x86_64-linux-gnu
Thread model: posix
gcc version 4.4.5 (Ubuntu/Linaro 4.4.4-14ubuntu5) 
configure:4089: $? = 0
configure:4078: gcc -V >&5
gcc: '-V' option must have argument
configure:4089: $? = 1
configure:4078: gcc -qversion >&5
gcc: unrecognized option '-qversion'
gcc: no input files
configure:4089: $? = 1
configure:4093: checking whether we are using the GNU C compiler
configure:4112: gcc -c  -fsigned-char -Wall -fno-strict-aliasing  conftest.c >&5
configure:4112: $? = 0
configure:4121: result: yes
configure:4130: checking whether gcc accepts -g
configure:4150: gcc -c -g  conftest.c >&5
configure:4150: $? = 0
configure:4191: result: yes
configure:4208: checking for gcc option to accept ISO C89
configure:4272: gcc  -c  -fsigned-char -Wall -fno-strict-aliasing  conftest.c >&5
configure:4272: $? = 0
configure:4285: result: none needed
configure:4307: checking dependency style of gcc
configure:4417: result: gcc3
configure:4461: checking build system type
configure:4475: result: x86_64-unknown-linux-gnu
configure:4495: checking host system type
configure:4508: result: x86_64-unknown-linux-gnu
configure:4528: checking for a sed that does not truncate output
configure:4592: result: /bin/sed
configure:4610: checking for grep that handles long lines and -e
configure:4668: result: /bin/grep
configure:4673: checking for egrep
configure:4735: result: /bin/grep -E
configure:4740: checking for fgrep
configure:4802: result: /bin/grep -F
configure:4837: checking for ld used by gcc
configure:4904: result: /usr/bin/ld
configure:4911: checking if the linker (/usr/bin/ld) is GNU ld
configure:4926: result: yes
configure:4938: checking for BSD- or MS-compatible name lister (nm)
configure:4987: result: /usr/bin/nm -B
configure:5105: checking the name lister (/usr/bin/nm -B) interface
configure:5112: g++ -c  -fsigned-char -Wall -fno-strict-aliasing  conftest.cpp >&5
configure:5115: /usr/bin/nm -B "conftest.o"
configure:5118: output
0000000000000000 B some_variable
configure:5125: result: BSD nm
configure:5128: checking whether ln -s works
configure:5132: result: yes
configure:5140: checking the maximum length of command line arguments
configure:5260: result: 1572864
configure:5277: checking whether the shell understands some XSI constructs
configure:5287: result: yes
configure:5291: checking whether the shell understands "+="
configure:5297: result: yes
configure:5332: checking for /usr/bin/ld option to reload object files
configure:5339: result: -r
configure:5408: checking for objdump
configure:5424: found /usr/bin/objdump
configure:5435: result: objdump
configure:5467: checking how to recognize dependent libraries
configure:5663: result: pass_all
configure:5723: checking for ar
configure:5739: found /usr/bin/ar
configure:5750: result: ar
configure:5828: checking for strip
configure:5844: found /usr/bin/strip
configure:5855: result: strip
configure:5927: checking for ranlib
configure:5943: found /usr/bin/ranlib
configure:5954: result: ranlib
configure:6044: checking command to parse /usr/bin/nm -B output from gcc object
configure:6162: g++ -c  -fsigned-char -Wall -fno-strict-aliasing  conftest.cpp >&5
configure:6165: $? = 0
configure:6169: /usr/bin/nm -B conftest.o \| sed -n -e 's/^.*[	 ]\([ABCDGIRSTW][ABCDGIRSTW]*\)[	 ][	 ]*\([_A-Za-z][_A-Za-z0-9]*\)$/\1 \2 \2/p' \> conftest.nm
configure:6172: $? = 0
configure:6226: g++ -o conftest  -fsigned-char -Wall -fno-strict-aliasing   conftest.cpp conftstm.o >&5
configure:6229: $? = 0
configure:6267: result: ok
configure:6363: g++ -c  -fsigned-char -Wall -fno-strict-aliasing  conftest.cpp >&5
configure:6366: $? = 0
configure:7076: checking how to run the C preprocessor
configure:7107: gcc -E  conftest.c
configure:7107: $? = 0
configure:7121: gcc -E  conftest.c
conftest.c:9: fatal error: ac_nonexistent.h: No such file or directory
compilation terminated.
configure:7121: $? = 1
configure: failed program was:
| /* confdefs.h */
| #define PACKAGE_NAME ""
| #define PACKAGE_TARNAME ""
| #define PACKAGE_VERSION ""
| #define PACKAGE_STRING ""
| #define PACKAGE_BUGREPORT ""
| #define PACKAGE_URL ""
| /* end confdefs.h.  */
| #include <ac_nonexistent.h>
configure:7146: result: gcc -E
configure:7166: gcc -E  conftest.c
configure:7166: $? = 0
configure:7180: gcc -E  conftest.c
conftest.c:9: fatal error: ac_nonexistent.h: No such file or directory
compilation terminated.
configure:7180: $? = 1
configure: failed program was:
| /* confdefs.h */
| #define PACKAGE_NAME ""
| #define PACKAGE_TARNAME ""
| #define PACKAGE_VERSION ""
| #define PACKAGE_STRING ""
| #define PACKAGE_BUGREPORT ""
| #define PACKAGE_URL ""
| /* end confdefs.h.  */
| #include <ac_nonexistent.h>
configure:7209: checking for ANSI C header files
configure:7229: gcc -c  -fsigned-char -Wall -fno-strict-aliasing  conftest.c >&5
configure:7229: $? = 0
configure:7302: gcc -o conftest  -fsigned-char -Wall -fno-strict-aliasing   conftest.c  >&5
configure:7302: $? = 0
configure:7302: ./conftest
configure:7302: $? = 0
configure:7313: result: yes
configure:7326: checking for sys/types.h
configure:7326: gcc -c  -fsigned-char -Wall -fno-strict-aliasing  conftest.c >&5
configure:7326: $? = 0
configure:7326: result: yes
configure:7326: checking for sys/stat.h
configure:7326: gcc -c  -fsigned-char -Wall -fno-strict-aliasing  conftest.c >&5
configure:7326: $? = 0
configure:7326: result: yes
configure:7326: checking for stdlib.h
configure:7326: gcc -c  -fsigned-char -Wall -fno-strict-aliasing  conftest.c >&5
configure:7326: $? = 0
configure:7326: result: yes
configure:7326: checking for string.h
configure:7326: gcc -c  -fsigned-char -Wall -fno-strict-aliasing  conftest.c >&5
configure:7326: $? = 0
configure:7326: result: yes
configure:7326: checking for memory.h
configure:7326: gcc -c  -fsigned-char -Wall -fno-strict-aliasing  conftest.c >&5
configure:7326: $? = 0
configure:7326: result: yes
configure:7326: checking for strings.h
configure:7326: gcc -c  -fsigned-char -Wall -fno-strict-aliasing  conftest.c >&5
configure:7326: $? = 0
configure:7326: result: yes
configure:7326: checking for inttypes.h
configure:7326: gcc -c  -fsigned-char -Wall -fno-strict-aliasing  conftest.c >&5
configure:7326: $? = 0
configure:7326: result: yes
configure:7326: checking for stdint.h
configure:7326: gcc -c  -fsigned-char -Wall -fno-strict-aliasing  conftest.c >&5
configure:7326: $? = 0
configure:7326: result: yes
configure:7326: checking for unistd.h
configure:7326: gcc -c  -fsigned-char -Wall -fno-strict-aliasing  conftest.c >&5
configure:7326: $? = 0
configure:7326: result: yes
configure:7341: checking for dlfcn.h
configure:7341: gcc -c  -fsigned-char -Wall -fno-strict-aliasing  conftest.c >&5
configure:7341: $? = 0
configure:7341: result: yes
configure:7466: checking for C++ compiler version
configure:7475: g++ --version >&5
g++ (Ubuntu/Linaro 4.4.4-14ubuntu5) 4.4.5
Copyright (C) 2010 Free Software Foundation, Inc.
This is free software; see the source for copying conditions.  There is NO
warranty; not even for MERCHANTABILITY or FITNESS FOR A PARTICULAR PURPOSE.

configure:7486: $? = 0
configure:7475: g++ -v >&5
Using built-in specs.
Target: x86_64-linux-gnu
Configured with: ../src/configure -v --with-pkgversion='Ubuntu/Linaro 4.4.4-14ubuntu5' --with-bugurl=file:///usr/share/doc/gcc-4.4/README.Bugs --enable-languages=c,c++,fortran,objc,obj-c++ --prefix=/usr --program-suffix=-4.4 --enable-shared --enable-multiarch --enable-linker-build-id --with-system-zlib --libexecdir=/usr/lib --without-included-gettext --enable-threads=posix --with-gxx-include-dir=/usr/include/c++/4.4 --libdir=/usr/lib --enable-nls --with-sysroot=/ --enable-clocale=gnu --enable-libstdcxx-debug --enable-objc-gc --disable-werror --with-arch-32=i686 --with-tune=generic --enable-checking=release --build=x86_64-linux-gnu --host=x86_64-linux-gnu --target=x86_64-linux-gnu
Thread model: posix
gcc version 4.4.5 (Ubuntu/Linaro 4.4.4-14ubuntu5) 
configure:7486: $? = 0
configure:7475: g++ -V >&5
g++: '-V' option must have argument
configure:7486: $? = 1
configure:7475: g++ -qversion >&5
g++: unrecognized option '-qversion'
g++: no input files
configure:7486: $? = 1
configure:7490: checking whether we are using the GNU C++ compiler
configure:7518: result: yes
configure:7527: checking whether g++ accepts -g
configure:7588: result: yes
configure:7613: checking dependency style of g++
configure:7723: result: gcc3
configure:7746: checking how to run the C++ preprocessor
configure:7773: g++ -E  conftest.cpp
configure:7773: $? = 0
configure:7787: g++ -E  conftest.cpp
conftest.cpp:20: fatal error: ac_nonexistent.h: No such file or directory
compilation terminated.
configure:7787: $? = 1
configure: failed program was:
| /* confdefs.h */
| #define PACKAGE_NAME ""
| #define PACKAGE_TARNAME ""
| #define PACKAGE_VERSION ""
| #define PACKAGE_STRING ""
| #define PACKAGE_BUGREPORT ""
| #define PACKAGE_URL ""
| #define STDC_HEADERS 1
| #define HAVE_SYS_TYPES_H 1
| #define HAVE_SYS_STAT_H 1
| #define HAVE_STDLIB_H 1
| #define HAVE_STRING_H 1
| #define HAVE_MEMORY_H 1
| #define HAVE_STRINGS_H 1
| #define HAVE_INTTYPES_H 1
| #define HAVE_STDINT_H 1
| #define HAVE_UNISTD_H 1
| #define HAVE_DLFCN_H 1
| /* end confdefs.h.  */
| #include <ac_nonexistent.h>
configure:7812: result: g++ -E
configure:7832: g++ -E  conftest.cpp
configure:7832: $? = 0
configure:7846: g++ -E  conftest.cpp
conftest.cpp:20: fatal error: ac_nonexistent.h: No such file or directory
compilation terminated.
configure:7846: $? = 1
configure: failed program was:
| /* confdefs.h */
| #define PACKAGE_NAME ""
| #define PACKAGE_TARNAME ""
| #define PACKAGE_VERSION ""
| #define PACKAGE_STRING ""
| #define PACKAGE_BUGREPORT ""
| #define PACKAGE_URL ""
| #define STDC_HEADERS 1
| #define HAVE_SYS_TYPES_H 1
| #define HAVE_SYS_STAT_H 1
| #define HAVE_STDLIB_H 1
| #define HAVE_STRING_H 1
| #define HAVE_MEMORY_H 1
| #define HAVE_STRINGS_H 1
| #define HAVE_INTTYPES_H 1
| #define HAVE_STDINT_H 1
| #define HAVE_UNISTD_H 1
| #define HAVE_DLFCN_H 1
| /* end confdefs.h.  */
| #include <ac_nonexistent.h>
configure:8052: checking for objdir
configure:8067: result: .libs
configure:8359: checking if gcc supports -fno-rtti -fno-exceptions
configure:8377: gcc -c  -fsigned-char -Wall -fno-strict-aliasing  -fno-rtti -fno-exceptions conftest.c >&5
cc1: warning: command line option "-fno-rtti" is valid for C++/ObjC++ but not for C
configure:8381: $? = 0
configure:8394: result: no
configure:8414: checking for gcc option to produce PIC
configure:8686: result: -fPIC -DPIC
configure:8698: checking if gcc PIC flag -fPIC -DPIC works
configure:8716: gcc -c  -fsigned-char -Wall -fno-strict-aliasing  -fPIC -DPIC -DPIC conftest.c >&5
configure:8720: $? = 0
configure:8733: result: yes
configure:8757: checking if gcc static flag -static works
configure:8785: result: yes
configure:8800: checking if gcc supports -c -o file.o
configure:8821: gcc -c  -fsigned-char -Wall -fno-strict-aliasing  -o out/conftest2.o conftest.c >&5
configure:8825: $? = 0
configure:8847: result: yes
configure:8855: checking if gcc supports -c -o file.o
configure:8902: result: yes
configure:8935: checking whether the gcc linker (/usr/bin/ld -m elf_x86_64) supports shared libraries
configure:9921: result: yes
configure:9958: checking whether -lc should be explicitly linked in
configure:9963: gcc -c  -fsigned-char -Wall -fno-strict-aliasing  conftest.c >&5
configure:9966: $? = 0
configure:9981: gcc -shared conftest.o  -v -Wl,-soname -Wl,conftest -o conftest 2\>\&1 \| /bin/grep  -lc  \>/dev/null 2\>\&1
configure:9984: $? = 0
configure:9996: result: no
configure:10160: checking dynamic linker characteristics
configure:10606: gcc -o conftest  -fsigned-char -Wall -fno-strict-aliasing   -Wl,-rpath -Wl,/foo conftest.c  >&5
configure:10606: $? = 0
configure:10824: result: GNU/Linux ld.so
configure:10926: checking how to hardcode library paths into programs
configure:10951: result: immediate
configure:11471: checking whether stripping libraries is possible
configure:11476: result: yes
configure:11511: checking if libtool supports shared libraries
configure:11513: result: yes
configure:11516: checking whether to build shared libraries
configure:11537: result: yes
configure:11540: checking whether to build static libraries
configure:11544: result: yes
configure:11694: checking for ld used by g++
configure:11761: result: /usr/bin/ld -m elf_x86_64
configure:11768: checking if the linker (/usr/bin/ld -m elf_x86_64) is GNU ld
configure:11783: result: yes
configure:11838: checking whether the g++ linker (/usr/bin/ld -m elf_x86_64) supports shared libraries
configure:12751: result: yes
configure:12779: g++ -c  -fsigned-char -Wall -fno-strict-aliasing  conftest.cpp >&5
configure:12782: $? = 0
configure:12964: checking for g++ option to produce PIC
configure:13281: result: -fPIC -DPIC
configure:13290: checking if g++ PIC flag -fPIC -DPIC works
configure:13308: g++ -c  -fsigned-char -Wall -fno-strict-aliasing  -fPIC -DPIC -DPIC conftest.cpp >&5
configure:13312: $? = 0
configure:13325: result: yes
configure:13346: checking if g++ static flag -static works
configure:13374: result: yes
configure:13386: checking if g++ supports -c -o file.o
configure:13407: g++ -c  -fsigned-char -Wall -fno-strict-aliasing  -o out/conftest2.o conftest.cpp >&5
configure:13411: $? = 0
configure:13433: result: yes
configure:13438: checking if g++ supports -c -o file.o
configure:13485: result: yes
configure:13515: checking whether the g++ linker (/usr/bin/ld -m elf_x86_64) supports shared libraries
configure:13541: result: yes
configure:13678: checking dynamic linker characteristics
configure:14072: g++ -o conftest  -fsigned-char -Wall -fno-strict-aliasing   -Wl,-rpath -Wl,/foo conftest.cpp  >&5
configure:14072: $? = 0
configure:14290: result: GNU/Linux ld.so
configure:14341: checking how to hardcode library paths into programs
configure:14366: result: immediate
configure:14425: checking whether NLS is requested
configure:14434: result: yes
configure:14464: checking for intltool-update
configure:14482: found /usr/bin/intltool-update
configure:14494: result: /usr/bin/intltool-update
configure:14504: checking for intltool-merge
configure:14522: found /usr/bin/intltool-merge
configure:14534: result: /usr/bin/intltool-merge
configure:14544: checking for intltool-extract
configure:14562: found /usr/bin/intltool-extract
configure:14574: result: /usr/bin/intltool-extract
configure:14705: checking for xgettext
configure:14723: found /usr/bin/xgettext
configure:14735: result: /usr/bin/xgettext
configure:14745: checking for msgmerge
configure:14763: found /usr/bin/msgmerge
configure:14775: result: /usr/bin/msgmerge
configure:14785: checking for msgfmt
configure:14803: found /usr/bin/msgfmt
configure:14815: result: /usr/bin/msgfmt
configure:14825: checking for gmsgfmt
configure:14856: result: /usr/bin/msgfmt
configure:14876: checking for perl
configure:14894: found /usr/bin/perl
configure:14906: result: /usr/bin/perl
configure:14917: checking for perl >= 5.8.1
configure:14924: result: 5.10.1
configure:14928: checking for XML::Parser
configure:14931: result: ok
configure:14956: g++ -o conftest  -fsigned-char -Wall -fno-strict-aliasing   conftest.cpp  >&5
configure:14956: $? = 0
configure:15025: checking for ranlib
configure:15052: result: ranlib
configure:15084: checking locale.h usability
configure:15084: g++ -c  -fsigned-char -Wall -fno-strict-aliasing  conftest.cpp >&5
configure:15084: $? = 0
configure:15084: result: yes
configure:15084: checking locale.h presence
configure:15084: g++ -E  conftest.cpp
configure:15084: $? = 0
configure:15084: result: yes
configure:15084: checking for locale.h
configure:15084: result: yes
configure:15095: checking for LC_MESSAGES
configure:15111: g++ -o conftest  -fsigned-char -Wall -fno-strict-aliasing   conftest.cpp  >&5
configure:15111: $? = 0
configure:15119: result: yes
configure:15136: checking libintl.h usability
configure:15136: g++ -c  -fsigned-char -Wall -fno-strict-aliasing  conftest.cpp >&5
configure:15136: $? = 0
configure:15136: result: yes
configure:15136: checking libintl.h presence
configure:15136: g++ -E  conftest.cpp
configure:15136: $? = 0
configure:15136: result: yes
configure:15136: checking for libintl.h
configure:15136: result: yes
configure:15144: checking for ngettext in libc
configure:15162: g++ -o conftest  -fsigned-char -Wall -fno-strict-aliasing   conftest.cpp  >&5
configure:15162: $? = 0
configure:15171: result: yes
configure:15175: checking for dgettext in libc
configure:15193: g++ -o conftest  -fsigned-char -Wall -fno-strict-aliasing   conftest.cpp  >&5
configure:15193: $? = 0
configure:15202: result: yes
configure:15209: checking for bind_textdomain_codeset
configure:15209: g++ -o conftest  -fsigned-char -Wall -fno-strict-aliasing   conftest.cpp  >&5
configure:15209: $? = 0
configure:15209: result: yes
configure:15485: checking for msgfmt
configure:15512: result: /usr/bin/msgfmt
configure:15523: checking for dcgettext
configure:15523: g++ -o conftest  -fsigned-char -Wall -fno-strict-aliasing   conftest.cpp   >&5
configure:15523: $? = 0
configure:15523: result: yes
configure:15533: checking if msgfmt accepts -c
configure:15548: $MSGFMT -c -o /dev/null conftest.foo
configure:15551: $? = 0
configure:15553: result: yes
configure:15563: checking for gmsgfmt
configure:15594: result: /usr/bin/msgfmt
configure:15604: checking for xgettext
configure:15631: result: /usr/bin/xgettext
configure:15650: g++ -o conftest  -fsigned-char -Wall -fno-strict-aliasing   conftest.cpp   >&5
configure:15650: $? = 0
configure:15728: checking for catalogs to be installed
configure:15753: result:  cs de nl
configure:15795: checking for stdint.h
configure:15795: result: yes
configure:15808: checking for gettimeofday
configure:15808: g++ -o conftest  -fsigned-char -Wall -fno-strict-aliasing   conftest.cpp  >&5
configure:15808: $? = 0
configure:15808: result: yes
configure:15808: checking for localtime_r
configure:15808: g++ -o conftest  -fsigned-char -Wall -fno-strict-aliasing   conftest.cpp  >&5
configure:15808: $? = 0
configure:15808: result: yes
configure:15808: checking for socket
configure:15808: g++ -o conftest  -fsigned-char -Wall -fno-strict-aliasing   conftest.cpp  >&5
configure:15808: $? = 0
configure:15808: result: yes
configure:15808: checking for inet_ntoa
configure:15808: g++ -o conftest  -fsigned-char -Wall -fno-strict-aliasing   conftest.cpp  >&5
configure:15808: $? = 0
configure:15808: result: yes
configure:15818: checking for gethostbyname_r
configure:15818: g++ -o conftest  -fsigned-char -Wall -fno-strict-aliasing   conftest.cpp  >&5
configure:15818: $? = 0
configure:15818: result: yes
configure:15858: checking wxWidgets version
configure:15861: result: 2.8.11
configure:15888: checking libspeechd.h usability
configure:15888: g++ -c  -fsigned-char -Wall -fno-strict-aliasing  conftest.cpp >&5
conftest.cpp:66: fatal error: libspeechd.h: No such file or directory
compilation terminated.
configure:15888: $? = 1
configure: failed program was:
| /* confdefs.h */
| #define PACKAGE_NAME ""
| #define PACKAGE_TARNAME ""
| #define PACKAGE_VERSION ""
| #define PACKAGE_STRING ""
| #define PACKAGE_BUGREPORT ""
| #define PACKAGE_URL ""
| #define STDC_HEADERS 1
| #define HAVE_SYS_TYPES_H 1
| #define HAVE_SYS_STAT_H 1
| #define HAVE_STDLIB_H 1
| #define HAVE_STRING_H 1
| #define HAVE_MEMORY_H 1
| #define HAVE_STRINGS_H 1
| #define HAVE_INTTYPES_H 1
| #define HAVE_STDINT_H 1
| #define HAVE_UNISTD_H 1
| #define HAVE_DLFCN_H 1
| #define LT_OBJDIR ".libs/"
| #define HAVE_LOCALE_H 1
| #define HAVE_LC_MESSAGES 1
| #define HAVE_BIND_TEXTDOMAIN_CODESET 1
| #define HAVE_GETTEXT 1
| #define HAVE_DCGETTEXT 1
| #define ENABLE_NLS 1
| #define HAVE_STDINT_H 1
| #define HAVE_GETTIMEOFDAY 1
| #define HAVE_LOCALTIME_R 1
| #define HAVE_SOCKET 1
| #define HAVE_INET_NTOA 1
| #define GETHOSTBYNAME_R_RETURNS_INT 1
| /* end confdefs.h.  */
| #include <stdio.h>
| #ifdef HAVE_SYS_TYPES_H
| # include <sys/types.h>
| #endif
| #ifdef HAVE_SYS_STAT_H
| # include <sys/stat.h>
| #endif
| #ifdef STDC_HEADERS
| # include <stdlib.h>
| # include <stddef.h>
| #else
| # ifdef HAVE_STDLIB_H
| #  include <stdlib.h>
| # endif
| #endif
| #ifdef HAVE_STRING_H
| # if !defined STDC_HEADERS && defined HAVE_MEMORY_H
| #  include <memory.h>
| # endif
| # include <string.h>
| #endif
| #ifdef HAVE_STRINGS_H
| # include <strings.h>
| #endif
| #ifdef HAVE_INTTYPES_H
| # include <inttypes.h>
| #endif
| #ifdef HAVE_STDINT_H
| # include <stdint.h>
| #endif
| #ifdef HAVE_UNISTD_H
| # include <unistd.h>
| #endif
| #include <libspeechd.h>
configure:15888: result: no
configure:15888: checking libspeechd.h presence
configure:15888: g++ -E  conftest.cpp
conftest.cpp:33: fatal error: libspeechd.h: No such file or directory
compilation terminated.
configure:15888: $? = 1
configure: failed program was:
| /* confdefs.h */
| #define PACKAGE_NAME ""
| #define PACKAGE_TARNAME ""
| #define PACKAGE_VERSION ""
| #define PACKAGE_STRING ""
| #define PACKAGE_BUGREPORT ""
| #define PACKAGE_URL ""
| #define STDC_HEADERS 1
| #define HAVE_SYS_TYPES_H 1
| #define HAVE_SYS_STAT_H 1
| #define HAVE_STDLIB_H 1
| #define HAVE_STRING_H 1
| #define HAVE_MEMORY_H 1
| #define HAVE_STRINGS_H 1
| #define HAVE_INTTYPES_H 1
| #define HAVE_STDINT_H 1
| #define HAVE_UNISTD_H 1
| #define HAVE_DLFCN_H 1
| #define LT_OBJDIR ".libs/"
| #define HAVE_LOCALE_H 1
| #define HAVE_LC_MESSAGES 1
| #define HAVE_BIND_TEXTDOMAIN_CODESET 1
| #define HAVE_GETTEXT 1
| #define HAVE_DCGETTEXT 1
| #define ENABLE_NLS 1
| #define HAVE_STDINT_H 1
| #define HAVE_GETTIMEOFDAY 1
| #define HAVE_LOCALTIME_R 1
| #define HAVE_SOCKET 1
| #define HAVE_INET_NTOA 1
| #define GETHOSTBYNAME_R_RETURNS_INT 1
| /* end confdefs.h.  */
| #include <libspeechd.h>
configure:15888: result: no
configure:15888: checking for libspeechd.h
configure:15888: result: no
configure:15906: checking libircclient.h usability
configure:15906: g++ -c  -fsigned-char -Wall -fno-strict-aliasing  conftest.cpp >&5
conftest.cpp:66: fatal error: libircclient.h: No such file or directory
compilation terminated.
configure:15906: $? = 1
configure: failed program was:
| /* confdefs.h */
| #define PACKAGE_NAME ""
| #define PACKAGE_TARNAME ""
| #define PACKAGE_VERSION ""
| #define PACKAGE_STRING ""
| #define PACKAGE_BUGREPORT ""
| #define PACKAGE_URL ""
| #define STDC_HEADERS 1
| #define HAVE_SYS_TYPES_H 1
| #define HAVE_SYS_STAT_H 1
| #define HAVE_STDLIB_H 1
| #define HAVE_STRING_H 1
| #define HAVE_MEMORY_H 1
| #define HAVE_STRINGS_H 1
| #define HAVE_INTTYPES_H 1
| #define HAVE_STDINT_H 1
| #define HAVE_UNISTD_H 1
| #define HAVE_DLFCN_H 1
| #define LT_OBJDIR ".libs/"
| #define HAVE_LOCALE_H 1
| #define HAVE_LC_MESSAGES 1
| #define HAVE_BIND_TEXTDOMAIN_CODESET 1
| #define HAVE_GETTEXT 1
| #define HAVE_DCGETTEXT 1
| #define ENABLE_NLS 1
| #define HAVE_STDINT_H 1
| #define HAVE_GETTIMEOFDAY 1
| #define HAVE_LOCALTIME_R 1
| #define HAVE_SOCKET 1
| #define HAVE_INET_NTOA 1
| #define GETHOSTBYNAME_R_RETURNS_INT 1
| /* end confdefs.h.  */
| #include <stdio.h>
| #ifdef HAVE_SYS_TYPES_H
| # include <sys/types.h>
| #endif
| #ifdef HAVE_SYS_STAT_H
| # include <sys/stat.h>
| #endif
| #ifdef STDC_HEADERS
| # include <stdlib.h>
| # include <stddef.h>
| #else
| # ifdef HAVE_STDLIB_H
| #  include <stdlib.h>
| # endif
| #endif
| #ifdef HAVE_STRING_H
| # if !defined STDC_HEADERS && defined HAVE_MEMORY_H
| #  include <memory.h>
| # endif
| # include <string.h>
| #endif
| #ifdef HAVE_STRINGS_H
| # include <strings.h>
| #endif
| #ifdef HAVE_INTTYPES_H
| # include <inttypes.h>
| #endif
| #ifdef HAVE_STDINT_H
| # include <stdint.h>
| #endif
| #ifdef HAVE_UNISTD_H
| # include <unistd.h>
| #endif
| #include <libircclient.h>
configure:15906: result: no
configure:15906: checking libircclient.h presence
configure:15906: g++ -E  conftest.cpp
conftest.cpp:33: fatal error: libircclient.h: No such file or directory
compilation terminated.
configure:15906: $? = 1
configure: failed program was:
| /* confdefs.h */
| #define PACKAGE_NAME ""
| #define PACKAGE_TARNAME ""
| #define PACKAGE_VERSION ""
| #define PACKAGE_STRING ""
| #define PACKAGE_BUGREPORT ""
| #define PACKAGE_URL ""
| #define STDC_HEADERS 1
| #define HAVE_SYS_TYPES_H 1
| #define HAVE_SYS_STAT_H 1
| #define HAVE_STDLIB_H 1
| #define HAVE_STRING_H 1
| #define HAVE_MEMORY_H 1
| #define HAVE_STRINGS_H 1
| #define HAVE_INTTYPES_H 1
| #define HAVE_STDINT_H 1
| #define HAVE_UNISTD_H 1
| #define HAVE_DLFCN_H 1
| #define LT_OBJDIR ".libs/"
| #define HAVE_LOCALE_H 1
| #define HAVE_LC_MESSAGES 1
| #define HAVE_BIND_TEXTDOMAIN_CODESET 1
| #define HAVE_GETTEXT 1
| #define HAVE_DCGETTEXT 1
| #define ENABLE_NLS 1
| #define HAVE_STDINT_H 1
| #define HAVE_GETTIMEOFDAY 1
| #define HAVE_LOCALTIME_R 1
| #define HAVE_SOCKET 1
| #define HAVE_INET_NTOA 1
| #define GETHOSTBYNAME_R_RETURNS_INT 1
| /* end confdefs.h.  */
| #include <libircclient.h>
configure:15906: result: no
configure:15906: checking for libircclient.h
configure:15906: result: no
configure:15933: checking GeoIP.h usability
configure:15933: g++ -c  -fsigned-char -Wall -fno-strict-aliasing  conftest.cpp >&5
conftest.cpp:66: fatal error: GeoIP.h: No such file or directory
compilation terminated.
configure:15933: $? = 1
configure: failed program was:
| /* confdefs.h */
| #define PACKAGE_NAME ""
| #define PACKAGE_TARNAME ""
| #define PACKAGE_VERSION ""
| #define PACKAGE_STRING ""
| #define PACKAGE_BUGREPORT ""
| #define PACKAGE_URL ""
| #define STDC_HEADERS 1
| #define HAVE_SYS_TYPES_H 1
| #define HAVE_SYS_STAT_H 1
| #define HAVE_STDLIB_H 1
| #define HAVE_STRING_H 1
| #define HAVE_MEMORY_H 1
| #define HAVE_STRINGS_H 1
| #define HAVE_INTTYPES_H 1
| #define HAVE_STDINT_H 1
| #define HAVE_UNISTD_H 1
| #define HAVE_DLFCN_H 1
| #define LT_OBJDIR ".libs/"
| #define HAVE_LOCALE_H 1
| #define HAVE_LC_MESSAGES 1
| #define HAVE_BIND_TEXTDOMAIN_CODESET 1
| #define HAVE_GETTEXT 1
| #define HAVE_DCGETTEXT 1
| #define ENABLE_NLS 1
| #define HAVE_STDINT_H 1
| #define HAVE_GETTIMEOFDAY 1
| #define HAVE_LOCALTIME_R 1
| #define HAVE_SOCKET 1
| #define HAVE_INET_NTOA 1
| #define GETHOSTBYNAME_R_RETURNS_INT 1
| /* end confdefs.h.  */
| #include <stdio.h>
| #ifdef HAVE_SYS_TYPES_H
| # include <sys/types.h>
| #endif
| #ifdef HAVE_SYS_STAT_H
| # include <sys/stat.h>
| #endif
| #ifdef STDC_HEADERS
| # include <stdlib.h>
| # include <stddef.h>
| #else
| # ifdef HAVE_STDLIB_H
| #  include <stdlib.h>
| # endif
| #endif
| #ifdef HAVE_STRING_H
| # if !defined STDC_HEADERS && defined HAVE_MEMORY_H
| #  include <memory.h>
| # endif
| # include <string.h>
| #endif
| #ifdef HAVE_STRINGS_H
| # include <strings.h>
| #endif
| #ifdef HAVE_INTTYPES_H
| # include <inttypes.h>
| #endif
| #ifdef HAVE_STDINT_H
| # include <stdint.h>
| #endif
| #ifdef HAVE_UNISTD_H
| # include <unistd.h>
| #endif
| #include <GeoIP.h>
configure:15933: result: no
configure:15933: checking GeoIP.h presence
configure:15933: g++ -E  conftest.cpp
conftest.cpp:33: fatal error: GeoIP.h: No such file or directory
compilation terminated.
configure:15933: $? = 1
configure: failed program was:
| /* confdefs.h */
| #define PACKAGE_NAME ""
| #define PACKAGE_TARNAME ""
| #define PACKAGE_VERSION ""
| #define PACKAGE_STRING ""
| #define PACKAGE_BUGREPORT ""
| #define PACKAGE_URL ""
| #define STDC_HEADERS 1
| #define HAVE_SYS_TYPES_H 1
| #define HAVE_SYS_STAT_H 1
| #define HAVE_STDLIB_H 1
| #define HAVE_STRING_H 1
| #define HAVE_MEMORY_H 1
| #define HAVE_STRINGS_H 1
| #define HAVE_INTTYPES_H 1
| #define HAVE_STDINT_H 1
| #define HAVE_UNISTD_H 1
| #define HAVE_DLFCN_H 1
| #define LT_OBJDIR ".libs/"
| #define HAVE_LOCALE_H 1
| #define HAVE_LC_MESSAGES 1
| #define HAVE_BIND_TEXTDOMAIN_CODESET 1
| #define HAVE_GETTEXT 1
| #define HAVE_DCGETTEXT 1
| #define ENABLE_NLS 1
| #define HAVE_STDINT_H 1
| #define HAVE_GETTIMEOFDAY 1
| #define HAVE_LOCALTIME_R 1
| #define HAVE_SOCKET 1
| #define HAVE_INET_NTOA 1
| #define GETHOSTBYNAME_R_RETURNS_INT 1
| /* end confdefs.h.  */
| #include <GeoIP.h>
configure:15933: result: no
configure:15933: checking for GeoIP.h
configure:15933: result: no
configure:16043: checking whether to use precompiled headers
configure:16074: result: yes
configure:16246: creating ./config.status

## ---------------------- ##
## Running config.status. ##
## ---------------------- ##

This file was extended by config.status, which was
generated by GNU Autoconf 2.65.  Invocation command line was

  CONFIG_FILES    = 
  CONFIG_HEADERS  = 
  CONFIG_LINKS    = 
  CONFIG_COMMANDS = 
  $ ./config.status 

on alex-desktop

config.status:1227: creating Makefile
config.status:1227: creating data/Makefile
config.status:1227: creating data/maps/Makefile
config.status:1227: creating data/maps/Sauerbraten/254/Makefile
config.status:1227: creating data/maps/Sauerbraten/256/Makefile
config.status:1227: creating data/maps/Sauerbraten/Makefile
config.status:1227: creating po/Makefile.in
config.status:1227: creating src/Makefile
config.status:1227: creating src/engine/Makefile
config.status:1227: creating src/irc/Makefile
config.status:1227: creating src/irc/libircclient/Makefile
config.status:1227: creating src/irc/libircclient/include/Makefile
config.status:1227: creating src/irc/libircclient/src/Makefile
config.status:1227: creating src/libGeoIP/Makefile
config.status:1227: creating src/pch/Makefile
config.status:1227: creating src/config.h
config.status:1399: src/config.h is unchanged
config.status:1447: executing depfiles commands
config.status:1447: executing libtool commands
config.status:1447: executing default-1 commands
config.status:1447: executing po/stamp-it commands

## ---------------- ##
## Cache variables. ##
## ---------------- ##

ac_cv_build=x86_64-unknown-linux-gnu
ac_cv_c_compiler_gnu=yes
ac_cv_cxx_compiler_gnu=yes
ac_cv_env_CCC_set=
ac_cv_env_CCC_value=
ac_cv_env_CC_set=
ac_cv_env_CC_value=
ac_cv_env_CFLAGS_set=
ac_cv_env_CFLAGS_value=
ac_cv_env_CPPFLAGS_set=
ac_cv_env_CPPFLAGS_value=
ac_cv_env_CPP_set=
ac_cv_env_CPP_value=
ac_cv_env_CXXCPP_set=
ac_cv_env_CXXCPP_value=
ac_cv_env_CXXFLAGS_set=
ac_cv_env_CXXFLAGS_value=
ac_cv_env_CXX_set=
ac_cv_env_CXX_value=
ac_cv_env_LDFLAGS_set=
ac_cv_env_LDFLAGS_value=
ac_cv_env_LIBS_set=
ac_cv_env_LIBS_value=
ac_cv_env_build_alias_set=
ac_cv_env_build_alias_value=
ac_cv_env_host_alias_set=
ac_cv_env_host_alias_value=
ac_cv_env_target_alias_set=
ac_cv_env_target_alias_value=
ac_cv_func_bind_textdomain_codeset=yes
ac_cv_func_dcgettext=yes
ac_cv_func_gethostbyname_r=yes
ac_cv_func_gettimeofday=yes
ac_cv_func_inet_ntoa=yes
ac_cv_func_localtime_r=yes
ac_cv_func_socket=yes
ac_cv_header_GeoIP_h=no
ac_cv_header_dlfcn_h=yes
ac_cv_header_inttypes_h=yes
ac_cv_header_libintl_h=yes
ac_cv_header_libircclient_h=no
ac_cv_header_libspeechd_h=no
ac_cv_header_locale_h=yes
ac_cv_header_memory_h=yes
ac_cv_header_stdc=yes
ac_cv_header_stdint_h=yes
ac_cv_header_stdlib_h=yes
ac_cv_header_string_h=yes
ac_cv_header_strings_h=yes
ac_cv_header_sys_stat_h=yes
ac_cv_header_sys_types_h=yes
ac_cv_header_unistd_h=yes
ac_cv_host=x86_64-unknown-linux-gnu
ac_cv_objext=o
ac_cv_path_EGREP='/bin/grep -E'
ac_cv_path_FGREP='/bin/grep -F'
ac_cv_path_GMSGFMT=/usr/bin/msgfmt
ac_cv_path_GREP=/bin/grep
ac_cv_path_INTLTOOL_EXTRACT=/usr/bin/intltool-extract
ac_cv_path_INTLTOOL_MERGE=/usr/bin/intltool-merge
ac_cv_path_INTLTOOL_PERL=/usr/bin/perl
ac_cv_path_INTLTOOL_UPDATE=/usr/bin/intltool-update
ac_cv_path_MSGFMT=/usr/bin/msgfmt
ac_cv_path_MSGMERGE=/usr/bin/msgmerge
ac_cv_path_SED=/bin/sed
ac_cv_path_XGETTEXT=/usr/bin/xgettext
ac_cv_path_install='/usr/bin/install -c'
ac_cv_path_mkdir=/bin/mkdir
ac_cv_prog_AWK=mawk
ac_cv_prog_CPP='gcc -E'
ac_cv_prog_CXXCPP='g++ -E'
ac_cv_prog_ac_ct_AR=ar
ac_cv_prog_ac_ct_CC=gcc
ac_cv_prog_ac_ct_CXX=g++
ac_cv_prog_ac_ct_OBJDUMP=objdump
ac_cv_prog_ac_ct_RANLIB=ranlib
ac_cv_prog_ac_ct_STRIP=strip
ac_cv_prog_cc_c89=
ac_cv_prog_cc_g=yes
ac_cv_prog_cxx_g=yes
ac_cv_prog_make_make_set=yes
am_cv_CC_dependencies_compiler_type=gcc3
am_cv_CXX_dependencies_compiler_type=gcc3
am_cv_val_LC_MESSAGES=yes
gt_cv_func_dgettext_libc=yes
gt_cv_func_dgettext_libintl=no
gt_cv_func_ngettext_libc=yes
gt_cv_have_gettext=yes
lt_cv_deplibs_check_method=pass_all
lt_cv_file_magic_cmd='$MAGIC_CMD'
lt_cv_file_magic_test_file=
lt_cv_ld_reload_flag=-r
lt_cv_nm_interface='BSD nm'
lt_cv_objdir=.libs
lt_cv_path_LD=/usr/bin/ld
lt_cv_path_LDCXX='/usr/bin/ld -m elf_x86_64'
lt_cv_path_NM='/usr/bin/nm -B'
lt_cv_prog_compiler_c_o=yes
lt_cv_prog_compiler_c_o_CXX=yes
lt_cv_prog_compiler_pic_works=yes
lt_cv_prog_compiler_pic_works_CXX=yes
lt_cv_prog_compiler_rtti_exceptions=no
lt_cv_prog_compiler_static_works=yes
lt_cv_prog_compiler_static_works_CXX=yes
lt_cv_prog_gnu_ld=yes
lt_cv_prog_gnu_ldcxx=yes
lt_cv_sys_global_symbol_pipe='sed -n -e '\''s/^.*[	 ]\([ABCDGIRSTW][ABCDGIRSTW]*\)[	 ][	 ]*\([_A-Za-z][_A-Za-z0-9]*\)$/\1 \2 \2/p'\'''
lt_cv_sys_global_symbol_to_c_name_address='sed -n -e '\''s/^: \([^ ]*\) $/  {\"\1\", (void *) 0},/p'\'' -e '\''s/^[ABCDGIRSTW]* \([^ ]*\) \([^ ]*\)$/  {"\2", (void *) \&\2},/p'\'''
lt_cv_sys_global_symbol_to_c_name_address_lib_prefix='sed -n -e '\''s/^: \([^ ]*\) $/  {\"\1\", (void *) 0},/p'\'' -e '\''s/^[ABCDGIRSTW]* \([^ ]*\) \(lib[^ ]*\)$/  {"\2", (void *) \&\2},/p'\'' -e '\''s/^[ABCDGIRSTW]* \([^ ]*\) \([^ ]*\)$/  {"lib\2", (void *) \&\2},/p'\'''
lt_cv_sys_global_symbol_to_cdecl='sed -n -e '\''s/^T .* \(.*\)$/extern int \1();/p'\'' -e '\''s/^[ABCDGIRSTW]* .* \(.*\)$/extern char \1;/p'\'''
lt_cv_sys_max_cmd_len=1572864

## ----------------- ##
## Output variables. ##
## ----------------- ##

ACLOCAL='${SHELL} /home/alex/.sauerbraten/csl2/missing --run aclocal-1.11'
ALL_LINGUAS='cs de nl'
AMDEPBACKSLASH='\'
AMDEP_FALSE='#'
AMDEP_TRUE=''
AMTAR='${SHELL} /home/alex/.sauerbraten/csl2/missing --run tar'
AR='ar'
AUTOCONF='${SHELL} /home/alex/.sauerbraten/csl2/missing --run autoconf'
AUTOHEADER='${SHELL} /home/alex/.sauerbraten/csl2/missing --run autoheader'
AUTOMAKE='${SHELL} /home/alex/.sauerbraten/csl2/missing --run automake-1.11'
AWK='mawk'
CATALOGS=' cs.gmo de.gmo nl.gmo'
CATOBJEXT='.gmo'
CC='gcc'
CCDEPMODE='depmode=gcc3'
CFLAGS=' -fsigned-char -Wall -fno-strict-aliasing'
CPP='gcc -E'
CPPFLAGS=''
CXX='g++'
CXXCPP='g++ -E'
CXXDEPMODE='depmode=gcc3'
CXXFLAGS=' -fsigned-char -Wall -fno-strict-aliasing -I/usr/lib/wx/include/gtk2-unicode-release-2.8 -I/usr/include/wx-2.8 -D_FILE_OFFSET_BITS=64 -D_LARGE_FILES -D__WXGTK__ -pthread'
CYGPATH_W='echo'
DATADIRNAME='share'
DEFS='-DHAVE_CONFIG_H'
DEPDIR='.deps'
DSYMUTIL=''
DUMPBIN=''
ECHO_C=''
ECHO_N='-n'
ECHO_T=''
EGREP='/bin/grep -E'
ENABLE_PCH_FALSE='#'
ENABLE_PCH_TRUE=''
EXEEXT=''
FGREP='/bin/grep -F'
GEOIP_LIBS='libGeoIP/libGeoIP.a'
GETTEXT_PACKAGE='csl'
GMOFILES=' cs.gmo de.gmo nl.gmo'
GMSGFMT='/usr/bin/msgfmt'
GREP='/bin/grep'
INSTALL_DATA='${INSTALL} -m 644'
INSTALL_PROGRAM='${INSTALL}'
INSTALL_SCRIPT='${INSTALL}'
INSTALL_STRIP_PROGRAM='$(install_sh) -c -s'
INSTOBJEXT='.mo'
INTLLIBS=''
INTLTOOL_CAVES_RULE='%.caves:     %.caves.in     $(INTLTOOL_MERGE) $(wildcard $(top_srcdir)/po/*.po) ; LC_ALL=C $(INTLTOOL_MERGE) -d -u -c $(top_builddir)/po/.intltool-merge-cache $(top_srcdir)/po $< $@'
INTLTOOL_DESKTOP_RULE='%.desktop:   %.desktop.in   $(INTLTOOL_MERGE) $(wildcard $(top_srcdir)/po/*.po) ; LC_ALL=C $(INTLTOOL_MERGE) -d -u -c $(top_builddir)/po/.intltool-merge-cache $(top_srcdir)/po $< $@'
INTLTOOL_DIRECTORY_RULE='%.directory: %.directory.in $(INTLTOOL_MERGE) $(wildcard $(top_srcdir)/po/*.po) ; LC_ALL=C $(INTLTOOL_MERGE) -d -u -c $(top_builddir)/po/.intltool-merge-cache $(top_srcdir)/po $< $@'
INTLTOOL_EXTRACT='/usr/bin/intltool-extract'
INTLTOOL_KBD_RULE='%.kbd:       %.kbd.in       $(INTLTOOL_MERGE) $(wildcard $(top_srcdir)/po/*.po) ; LC_ALL=C $(INTLTOOL_MERGE) -x -u -m -c $(top_builddir)/po/.intltool-merge-cache $(top_srcdir)/po $< $@'
INTLTOOL_KEYS_RULE='%.keys:      %.keys.in      $(INTLTOOL_MERGE) $(wildcard $(top_srcdir)/po/*.po) ; LC_ALL=C $(INTLTOOL_MERGE) -k -u -c $(top_builddir)/po/.intltool-merge-cache $(top_srcdir)/po $< $@'
INTLTOOL_MERGE='/usr/bin/intltool-merge'
INTLTOOL_OAF_RULE='%.oaf:       %.oaf.in       $(INTLTOOL_MERGE) $(wildcard $(top_srcdir)/po/*.po) ; LC_ALL=C $(INTLTOOL_MERGE) -o -p $(top_srcdir)/po $< $@'
INTLTOOL_PERL='/usr/bin/perl'
INTLTOOL_POLICY_RULE='%.policy:    %.policy.in    $(INTLTOOL_MERGE) $(wildcard $(top_srcdir)/po/*.po) ; LC_ALL=C $(INTLTOOL_MERGE) -x -u -c $(top_builddir)/po/.intltool-merge-cache $(top_srcdir)/po $< $@'
INTLTOOL_PONG_RULE='%.pong:      %.pong.in      $(INTLTOOL_MERGE) $(wildcard $(top_srcdir)/po/*.po) ; LC_ALL=C $(INTLTOOL_MERGE) -x -u -c $(top_builddir)/po/.intltool-merge-cache $(top_srcdir)/po $< $@'
INTLTOOL_PROP_RULE='%.prop:      %.prop.in      $(INTLTOOL_MERGE) $(wildcard $(top_srcdir)/po/*.po) ; LC_ALL=C $(INTLTOOL_MERGE) -d -u -c $(top_builddir)/po/.intltool-merge-cache $(top_srcdir)/po $< $@'
INTLTOOL_SCHEMAS_RULE='%.schemas:   %.schemas.in   $(INTLTOOL_MERGE) $(wildcard $(top_srcdir)/po/*.po) ; LC_ALL=C $(INTLTOOL_MERGE) -s -u -c $(top_builddir)/po/.intltool-merge-cache $(top_srcdir)/po $< $@'
INTLTOOL_SERVER_RULE='%.server:    %.server.in    $(INTLTOOL_MERGE) $(wildcard $(top_srcdir)/po/*.po) ; LC_ALL=C $(INTLTOOL_MERGE) -o -u -c $(top_builddir)/po/.intltool-merge-cache $(top_srcdir)/po $< $@'
INTLTOOL_SERVICE_RULE='%.service: %.service.in   $(INTLTOOL_MERGE) $(wildcard $(top_srcdir)/po/*.po) ; LC_ALL=C $(INTLTOOL_MERGE) -d -u -c $(top_builddir)/po/.intltool-merge-cache $(top_srcdir)/po $< $@'
INTLTOOL_SHEET_RULE='%.sheet:     %.sheet.in     $(INTLTOOL_MERGE) $(wildcard $(top_srcdir)/po/*.po) ; LC_ALL=C $(INTLTOOL_MERGE) -x -u -c $(top_builddir)/po/.intltool-merge-cache $(top_srcdir)/po $< $@'
INTLTOOL_SOUNDLIST_RULE='%.soundlist: %.soundlist.in $(INTLTOOL_MERGE) $(wildcard $(top_srcdir)/po/*.po) ; LC_ALL=C $(INTLTOOL_MERGE) -d -u -c $(top_builddir)/po/.intltool-merge-cache $(top_srcdir)/po $< $@'
INTLTOOL_THEME_RULE='%.theme:     %.theme.in     $(INTLTOOL_MERGE) $(wildcard $(top_srcdir)/po/*.po) ; LC_ALL=C $(INTLTOOL_MERGE) -d -u -c $(top_builddir)/po/.intltool-merge-cache $(top_srcdir)/po $< $@'
INTLTOOL_UI_RULE='%.ui:        %.ui.in        $(INTLTOOL_MERGE) $(wildcard $(top_srcdir)/po/*.po) ; LC_ALL=C $(INTLTOOL_MERGE) -x -u -c $(top_builddir)/po/.intltool-merge-cache $(top_srcdir)/po $< $@'
INTLTOOL_UPDATE='/usr/bin/intltool-update'
INTLTOOL_XAM_RULE='%.xam:       %.xml.in       $(INTLTOOL_MERGE) $(wildcard $(top_srcdir)/po/*.po) ; LC_ALL=C $(INTLTOOL_MERGE) -x -u -c $(top_builddir)/po/.intltool-merge-cache $(top_srcdir)/po $< $@'
INTLTOOL_XML_NOMERGE_RULE='%.xml:       %.xml.in       $(INTLTOOL_MERGE) ; LC_ALL=C $(INTLTOOL_MERGE) -x -u /tmp $< $@'
INTLTOOL_XML_RULE='%.xml:       %.xml.in       $(INTLTOOL_MERGE) $(wildcard $(top_srcdir)/po/*.po) ; LC_ALL=C $(INTLTOOL_MERGE) -x -u -c $(top_builddir)/po/.intltool-merge-cache $(top_srcdir)/po $< $@'
LD='/usr/bin/ld -m elf_x86_64'
LDFLAGS=''
LIBIRCCLIENT_LIBS='irc/libircclient/src/libircclient.a'
LIBOBJS=''
LIBS=''
LIBTOOL='$(SHELL) $(top_builddir)/libtool'
LIPO=''
LN_S='ln -s'
LTLIBOBJS=''
MAKEINFO='${SHELL} /home/alex/.sauerbraten/csl2/missing --run makeinfo'
MKDIR_P='/bin/mkdir -p'
MKINSTALLDIRS='./mkinstalldirs'
MSGFMT='/usr/bin/msgfmt'
MSGFMT_OPTS='-c'
MSGMERGE='/usr/bin/msgmerge'
NM='/usr/bin/nm -B'
NMEDIT=''
OBJDUMP='objdump'
OBJEXT='o'
OTOOL64=''
OTOOL=''
PACKAGE='csl'
PACKAGE_BUGREPORT=''
PACKAGE_NAME=''
PACKAGE_STRING=''
PACKAGE_TARNAME=''
PACKAGE_URL=''
PACKAGE_VERSION=''
PATH_SEPARATOR=':'
POFILES=' cs.po de.po nl.po'
POSUB='po'
PO_IN_DATADIR_FALSE=''
PO_IN_DATADIR_TRUE=''
RANLIB='ranlib'
SED='/bin/sed'
SET_MAKE=''
SHELL='/bin/bash'
SPEECHD_LIBS=''
STRIP='strip'
USE_NLS='yes'
VERSION='0.8.2'
WX_LIBS='-pthread -Wl,-Bsymbolic-functions  -lwx_gtk2u_adv-2.8 -lwx_gtk2u_aui-2.8 -lwx_baseu-2.8 -lwx_gtk2u_core-2.8 -lwx_gtk2u_html-2.8 -lwx_baseu_net-2.8 -lwx_gtk2u_richtext-2.8 -lwx_baseu_xml-2.8 '
XGETTEXT='/usr/bin/xgettext'
ac_ct_CC='gcc'
ac_ct_CXX='g++'
ac_ct_DUMPBIN=''
am__EXEEXT_FALSE=''
am__EXEEXT_TRUE='#'
am__fastdepCC_FALSE='#'
am__fastdepCC_TRUE=''
am__fastdepCXX_FALSE='#'
am__fastdepCXX_TRUE=''
am__include='include'
am__isrc=''
am__leading_dot='.'
am__quote=''
am__tar='${AMTAR} chof - "$$tardir"'
am__untar='${AMTAR} xf -'
bindir='${exec_prefix}/bin'
build='x86_64-unknown-linux-gnu'
build_alias=''
build_cpu='x86_64'
build_cslmapcfgtool_FALSE='#'
build_cslmapcfgtool_TRUE=''
build_os='linux-gnu'
build_vendor='unknown'
datadir='${datarootdir}'
datarootdir='${prefix}/share'
docdir='${datarootdir}/doc/${PACKAGE}'
dvidir='${docdir}'
exec_prefix='${prefix}'
host='x86_64-unknown-linux-gnu'
host_alias=''
host_cpu='x86_64'
host_os='linux-gnu'
host_vendor='unknown'
htmldir='${docdir}'
includedir='${prefix}/include'
infodir='${datarootdir}/info'
install_sh='${SHELL} /home/alex/.sauerbraten/csl2/install-sh'
libdir='${exec_prefix}/lib'
libexecdir='${exec_prefix}/libexec'
localedir='${datarootdir}/locale'
localstatedir='${prefix}/var'
lt_ECHO='echo'
mandir='${datarootdir}/man'
mkdir_p='/bin/mkdir -p'
oldincludedir='/usr/include'
pdfdir='${docdir}'
prefix='/usr/local'
program_transform_name='s,x,x,'
psdir='${docdir}'
sbindir='${exec_prefix}/sbin'
sharedstatedir='${prefix}/com'
sysconfdir='${prefix}/etc'
target_alias=''
with_internal_geoip_FALSE='#'
with_internal_geoip_TRUE=''
with_internal_geoipdatabase_FALSE='#'
with_internal_geoipdatabase_TRUE=''
with_internal_libircclient_FALSE='#'
with_internal_libircclient_TRUE=''

## ----------- ##
## confdefs.h. ##
## ----------- ##

/* confdefs.h */
#define PACKAGE_NAME ""
#define PACKAGE_TARNAME ""
#define PACKAGE_VERSION ""
#define PACKAGE_STRING ""
#define PACKAGE_BUGREPORT ""
#define PACKAGE_URL ""
#define STDC_HEADERS 1
#define HAVE_SYS_TYPES_H 1
#define HAVE_SYS_STAT_H 1
#define HAVE_STDLIB_H 1
#define HAVE_STRING_H 1
#define HAVE_MEMORY_H 1
#define HAVE_STRINGS_H 1
#define HAVE_INTTYPES_H 1
#define HAVE_STDINT_H 1
#define HAVE_UNISTD_H 1
#define HAVE_DLFCN_H 1
#define LT_OBJDIR ".libs/"
#define HAVE_LOCALE_H 1
#define HAVE_LC_MESSAGES 1
#define HAVE_BIND_TEXTDOMAIN_CODESET 1
#define HAVE_GETTEXT 1
#define HAVE_DCGETTEXT 1
#define ENABLE_NLS 1
#define HAVE_STDINT_H 1
#define HAVE_GETTIMEOFDAY 1
#define HAVE_LOCALTIME_R 1
#define HAVE_SOCKET 1
#define HAVE_INET_NTOA 1
#define GETHOSTBYNAME_R_RETURNS_INT 1
#define GEOIPDATADIR ""

configure: exit 0
